<?xml version="1.0" encoding="utf-8"?><testsuites name="pytest tests"><testsuite name="pytest" errors="0" failures="0" skipped="0" tests="16" time="5.772" timestamp="2026-05-03T20:27:30.846868+00:00" hostname="agent-env-d36d3f8f-7837-43f0-9c8a-4ca6da01ecc4"><testcase classname="backend.tests.test_iteration5" name="test_import_template_headers_and_sample" time="0.133" /><testcase classname="backend.tests.test_iteration5" name="test_import_valid_and_invalid_rows" time="0.225" /><testcase classname="backend.tests.test_iteration5" name="test_create_with_subject_comments_and_custom_fields" time="0.238" /><testcase classname="backend.tests.test_iteration5" name="test_grade_rubric_via_export[82-A]" time="0.204" /><testcase classname="backend.tests.test_iteration5" name="test_grade_rubric_via_export[100-A]" time="0.211" /><testcase classname="backend.tests.test_iteration5" name="test_grade_rubric_via_export[81-B]" time="0.220" /><testcase classname="backend.tests.test_iteration5" name="test_grade_rubric_via_export[66-B]" time="0.211" /><testcase classname="backend.tests.test_iteration5" name="test_grade_rubric_via_export[65-C]" time="0.244" /><testcase classname="backend.tests.test_iteration5" name="test_grade_rubric_via_export[50-C]" time="0.208" /><testcase classname="backend.tests.test_iteration5" name="test_grade_rubric_via_export[49-D]" time="0.220" /><testcase classname="backend.tests.test_iteration5" name="test_grade_rubric_via_export[35-D]" time="0.424" /><testcase classname="backend.tests.test_iteration5" name="test_grade_rubric_via_export[34-E]" time="0.209" /><testcase classname="backend.tests.test_iteration5" name="test_grade_rubric_via_export[20-E]" time="0.217" /><testcase classname="backend.tests.test_iteration5" name="test_grade_rubric_via_export[19-F]" time="0.210" /><testcase classname="backend.tests.test_iteration5" name="test_grade_rubric_via_export[0-F]" time="0.228" /><testcase classname="backend.tests.test_iteration5" name="test_export_csv_has_comment_column" time="2.298" /></testsuite></testsuites>