<?xml version="1.0" encoding="utf-8"?><testsuites name="pytest tests"><testsuite name="pytest" errors="0" failures="0" skipped="0" tests="7" time="2.960" timestamp="2026-05-03T19:52:59.168065+00:00" hostname="agent-env-d36d3f8f-7837-43f0-9c8a-4ca6da01ecc4"><testcase classname="backend.tests.test_iteration4.TestNewFields" name="test_create_student_with_gender_school" time="0.380" /><testcase classname="backend.tests.test_iteration4.TestNewFields" name="test_create_student_male_gender" time="0.246" /><testcase classname="backend.tests.test_iteration4.TestProgressEndpoint" name="test_progress_endpoint_returns_records" time="0.636" /><testcase classname="backend.tests.test_iteration4.TestProgressEndpoint" name="test_progress_endpoint_with_school_filter" time="0.585" /><testcase classname="backend.tests.test_iteration4.TestProgressEndpoint" name="test_progress_name_required" time="0.154" /><testcase classname="backend.tests.test_iteration4.TestCSVExport" name="test_csv_has_gender_school_columns" time="0.563" /><testcase classname="backend.tests.test_iteration4.TestStudentsFilter" name="test_filter_by_standard" time="0.322" /></testsuite></testsuites>