<?xml version="1.0" encoding="utf-8"?><testsuites name="pytest tests"><testsuite name="pytest" errors="0" failures="0" skipped="0" tests="8" time="1.190" timestamp="2026-05-03T19:18:15.403256+00:00" hostname="agent-env-d36d3f8f-7837-43f0-9c8a-4ca6da01ecc4"><testcase classname="backend.tests.test_student_result.TestStudentCRUD" name="test_health" time="0.172" /><testcase classname="backend.tests.test_student_result.TestStudentCRUD" name="test_create_student_no_roll_number" time="0.115" /><testcase classname="backend.tests.test_student_result.TestStudentCRUD" name="test_get_student_verifies_subjects" time="0.109" /><testcase classname="backend.tests.test_student_result.TestStudentCRUD" name="test_update_student_marks" time="0.221" /><testcase classname="backend.tests.test_student_result.TestStudentCRUD" name="test_list_students" time="0.098" /><testcase classname="backend.tests.test_student_result.TestStudentCRUD" name="test_export_csv" time="0.101" /><testcase classname="backend.tests.test_student_result.TestStudentCRUD" name="test_standards_endpoint" time="0.104" /><testcase classname="backend.tests.test_student_result.TestStudentCRUD" name="test_delete_student" time="0.196" /></testsuite></testsuites>