<?xml version="1.0" encoding="utf-8"?><testsuites name="pytest tests"><testsuite name="pytest" errors="0" failures="0" skipped="0" tests="8" time="2.233" timestamp="2026-05-03T19:32:17.693900+00:00" hostname="agent-env-d36d3f8f-7837-43f0-9c8a-4ca6da01ecc4"><testcase classname="backend.tests.test_new_features.TestNewFeatures" name="test_create_student_with_exam_type_midterm" time="0.112" /><testcase classname="backend.tests.test_new_features.TestNewFeatures" name="test_get_student_exam_type_persisted" time="0.113" /><testcase classname="backend.tests.test_new_features.TestNewFeatures" name="test_list_students_returns_exam_type" time="0.120" /><testcase classname="backend.tests.test_new_features.TestNewFeatures" name="test_create_student_with_extra_subjects" time="0.102" /><testcase classname="backend.tests.test_new_features.TestNewFeatures" name="test_csv_export_has_exam_type_column" time="0.116" /><testcase classname="backend.tests.test_new_features.TestNewFeatures" name="test_backward_compat_hun_xuan_zheng" time="0.105" /><testcase classname="backend.tests.test_new_features.TestNewFeatures" name="test_exam_types_all_accepted" time="0.618" /><testcase classname="backend.tests.test_new_features.TestNewFeatures" name="test_cleanup" time="0.882" /></testsuite></testsuites>